[2021-03-14T21:22:21.223] [DEBUG] cheese - login => username:admin,password:123456
[2021-03-14T21:22:21.224] [DEBUG] cheese - admin
[2021-03-14T21:22:21.239] [DEBUG] cheese - null
[2021-03-14T21:22:21.240] [DEBUG] cheese - null
[2021-03-14T21:26:21.423] [DEBUG] cheese - login => username:admin,password:123456
[2021-03-14T21:26:21.424] [DEBUG] cheese - admin
[2021-03-14T21:26:21.431] [DEBUG] cheese - null
[2021-03-14T21:26:21.431] [DEBUG] cheese - null
[2021-03-14T21:58:10.961] [DEBUG] cheese - login => username:123,password:123
[2021-03-14T21:58:10.962] [DEBUG] cheese - 123
[2021-03-14T21:58:10.964] [DEBUG] cheese - null
[2021-03-14T21:58:10.964] [DEBUG] cheese - null
[2021-03-14T21:58:25.830] [DEBUG] cheese - login => username:admin,password:123456
[2021-03-14T21:58:25.830] [DEBUG] cheese - admin
[2021-03-14T21:58:25.832] [DEBUG] cheese - null
[2021-03-14T21:58:25.832] [DEBUG] cheese - null
[2021-05-12T19:54:11.145] [DEBUG] cheese - login => username:admin,password:123456
[2021-05-12T19:54:11.147] [DEBUG] cheese - admin
[2021-05-12T19:54:11.166] [DEBUG] cheese - null
[2021-05-12T19:54:11.167] [DEBUG] cheese - null
[2021-05-29T19:51:37.486] [DEBUG] cheese - login => username:admin,password:123456
[2021-05-29T19:51:37.487] [DEBUG] cheese - admin
[2021-05-29T19:51:37.496] [DEBUG] cheese - null
[2021-05-29T19:51:37.497] [DEBUG] cheese - null
[2021-07-16T21:34:50.340] [DEBUG] cheese - login => username:admin,password:123456
[2021-07-16T21:34:50.345] [DEBUG] cheese - admin
[2021-07-16T21:34:50.396] [DEBUG] cheese - null
[2021-07-16T21:34:50.398] [DEBUG] cheese - null
[2021-09-21T12:05:38.062] [DEBUG] cheese - login => username:admin,password:123456
[2021-09-21T12:05:38.063] [DEBUG] cheese - admin
[2021-09-21T12:05:38.079] [DEBUG] cheese - null
[2021-09-21T12:05:38.079] [DEBUG] cheese - null
[2021-11-04T09:50:30.420] [DEBUG] cheese - login => username:admin,password:123456
[2021-11-04T09:50:30.421] [DEBUG] cheese - admin
[2021-11-04T09:50:30.429] [DEBUG] cheese - null
[2021-11-04T09:50:30.430] [DEBUG] cheese - null
[2021-11-04T09:55:13.981] [DEBUG] cheese - login => username:admin,password:123456
[2021-11-04T09:55:13.982] [DEBUG] cheese - admin
[2021-11-04T09:55:13.990] [DEBUG] cheese - null
[2021-11-04T09:55:13.990] [DEBUG] cheese - null
[2021-11-04T09:58:22.996] [DEBUG] cheese - login => username:admin,password:123456
[2021-11-04T09:58:22.996] [DEBUG] cheese - admin
[2021-11-04T09:59:00.226] [DEBUG] cheese - null
[2021-11-04T09:59:00.226] [DEBUG] cheese - null
[2021-11-04T09:59:00.301] [DEBUG] cheese - login => username:admin,password:123456
[2021-11-04T09:59:00.301] [DEBUG] cheese - admin
[2021-11-04T09:59:00.304] [DEBUG] cheese - null
[2021-11-04T09:59:00.304] [DEBUG] cheese - null
[2021-11-08T10:55:22.845] [DEBUG] cheese - login => username:admin,password:123456
[2021-11-08T10:55:22.846] [DEBUG] cheese - admin
[2021-11-08T10:55:22.858] [DEBUG] cheese - null
[2021-11-08T10:55:22.858] [DEBUG] cheese - null
[2022-01-02T20:58:43.998] [DEBUG] cheese - login => username:admin,password:123456
[2022-01-02T20:58:43.999] [DEBUG] cheese - admin
[2022-01-02T20:58:44.035] [DEBUG] cheese - null
[2022-01-02T20:58:44.035] [DEBUG] cheese - null
[2022-01-04T10:51:11.310] [DEBUG] cheese - login => username:admin,password:123456
[2022-01-04T10:51:11.312] [DEBUG] cheese - admin
[2022-01-04T10:51:11.327] [DEBUG] cheese - null
[2022-01-04T10:51:11.328] [DEBUG] cheese - null
[2022-01-05T10:53:34.486] [DEBUG] cheese - login => username:admin,password:123456
[2022-01-05T10:53:34.487] [DEBUG] cheese - admin
[2022-01-05T10:53:34.492] [DEBUG] cheese - null
[2022-01-05T10:53:34.492] [DEBUG] cheese - null
[2022-01-05T14:37:48.922] [DEBUG] cheese - null
[2022-01-05T14:40:28.085] [DEBUG] cheese - null
[2022-01-06T10:34:59.282] [DEBUG] cheese - null
[2022-01-06T10:54:37.503] [DEBUG] cheese - login => username:admin,password:123456
[2022-01-06T10:54:37.504] [DEBUG] cheese - admin
[2022-01-06T10:54:37.518] [DEBUG] cheese - null
[2022-01-06T10:54:37.518] [DEBUG] cheese - null
[2022-01-06T10:54:57.759] [DEBUG] cheese - null
[2022-01-06T10:58:20.845] [DEBUG] cheese - null
[2022-01-06T10:59:09.769] [DEBUG] cheese - null
[2022-01-06T10:59:21.487] [DEBUG] cheese - null
[2022-01-06T11:05:44.234] [DEBUG] cheese - null
[2022-01-06T11:05:58.023] [DEBUG] cheese - null
[2022-01-06T11:17:35.339] [DEBUG] cheese - null
[2022-01-06T11:18:05.354] [DEBUG] cheese - null
[2022-01-06T11:21:19.642] [DEBUG] cheese - null
[2022-01-06T15:46:45.811] [DEBUG] cheese - null
[2022-01-06T15:57:56.823] [DEBUG] cheese - null
[2022-01-06T15:58:55.278] [DEBUG] cheese - null
[2022-01-06T16:04:39.453] [DEBUG] cheese - null
[2022-01-06T16:04:49.261] [DEBUG] cheese - null
[2022-01-06T16:05:57.180] [DEBUG] cheese - null
[2022-01-06T16:12:21.131] [DEBUG] cheese - null
[2022-01-06T16:13:48.615] [DEBUG] cheese - null
[2022-01-06T16:17:01.846] [DEBUG] cheese - null
[2022-01-06T16:19:47.256] [DEBUG] cheese - login => username:admin,password:123456
[2022-01-06T16:19:47.258] [DEBUG] cheese - admin
[2022-01-06T16:19:47.269] [DEBUG] cheese - null
[2022-01-06T16:19:47.269] [DEBUG] cheese - null
[2022-01-06T16:26:10.706] [DEBUG] cheese - login => username:admin,password:123456
[2022-01-06T16:26:10.707] [DEBUG] cheese - admin
[2022-01-06T16:26:10.721] [DEBUG] cheese - null
[2022-01-06T16:26:10.722] [DEBUG] cheese - null
[2022-01-06T16:26:43.529] [DEBUG] cheese - login => username:admin,password:123456
[2022-01-06T16:26:43.529] [DEBUG] cheese - admin
[2022-01-06T16:26:43.532] [DEBUG] cheese - null
[2022-01-06T16:26:43.532] [DEBUG] cheese - null
[2022-01-06T21:13:23.421] [DEBUG] cheese - null
[2022-01-06T21:13:47.509] [DEBUG] cheese - null
[2022-01-11T15:26:05.312] [DEBUG] cheese - login => username:admin,password:123456
[2022-01-11T15:26:05.313] [DEBUG] cheese - admin
[2022-01-11T15:26:05.331] [DEBUG] cheese - null
[2022-01-11T15:26:05.332] [DEBUG] cheese - null
[2022-01-11T17:51:09.072] [DEBUG] cheese - login => username:admin,password:123456
[2022-01-11T17:51:09.074] [DEBUG] cheese - admin
[2022-01-11T17:51:09.080] [DEBUG] cheese - null
[2022-01-11T17:51:09.081] [DEBUG] cheese - null
[2022-01-11T19:35:06.351] [DEBUG] cheese - login => username:admin,password:123456
[2022-01-11T19:35:06.352] [DEBUG] cheese - admin
[2022-01-11T19:35:06.356] [DEBUG] cheese - null
[2022-01-11T19:35:06.356] [DEBUG] cheese - null
[2022-01-11T19:35:16.279] [DEBUG] cheese - login => username:admin,password:123456
[2022-01-11T19:35:16.279] [DEBUG] cheese - admin
[2022-01-11T19:35:16.284] [DEBUG] cheese - null
[2022-01-11T19:35:16.284] [DEBUG] cheese - null
[2022-01-11T19:35:28.847] [DEBUG] cheese - login => username:admin,password:123456
[2022-01-11T19:35:28.847] [DEBUG] cheese - admin
[2022-01-11T19:35:28.851] [DEBUG] cheese - null
[2022-01-11T19:35:28.851] [DEBUG] cheese - null
[2022-01-11T19:37:23.021] [DEBUG] cheese - login => username:admin,password:123456
[2022-01-11T19:37:23.023] [DEBUG] cheese - admin
[2022-01-11T19:37:23.030] [DEBUG] cheese - null
[2022-01-11T19:37:23.031] [DEBUG] cheese - null
[2022-01-11T20:54:32.826] [DEBUG] cheese - login => username:admin,password:123456
[2022-01-11T20:54:32.829] [DEBUG] cheese - admin
[2022-01-11T20:54:32.835] [DEBUG] cheese - null
[2022-01-11T20:54:32.836] [DEBUG] cheese - null
[2022-01-15T15:05:50.312] [DEBUG] cheese - login => username:admin,password:123456
[2022-01-15T15:05:50.313] [DEBUG] cheese - admin
[2022-01-15T15:05:50.354] [DEBUG] cheese - null
[2022-01-15T15:05:50.354] [DEBUG] cheese - null
[2022-01-15T15:29:01.124] [DEBUG] cheese - login => username:admin,password:123456
[2022-01-15T15:29:01.124] [DEBUG] cheese - admin
[2022-01-15T15:29:01.128] [DEBUG] cheese - null
[2022-01-15T15:29:01.129] [DEBUG] cheese - null
[2022-01-15T15:30:21.295] [DEBUG] cheese - login => username:admin,password:123456
[2022-01-15T15:30:21.295] [DEBUG] cheese - admin
[2022-01-15T15:30:21.298] [DEBUG] cheese - null
[2022-01-15T15:30:21.298] [DEBUG] cheese - null
[2022-01-15T15:47:30.395] [DEBUG] cheese - login => username:admin,password:123456
[2022-01-15T15:47:30.395] [DEBUG] cheese - admin
[2022-01-15T15:47:30.398] [DEBUG] cheese - null
[2022-01-15T15:47:30.398] [DEBUG] cheese - null
[2022-01-15T16:19:48.681] [DEBUG] cheese - login => username:admin,password:123456
[2022-01-15T16:19:48.681] [DEBUG] cheese - admin
[2022-01-15T16:19:48.686] [DEBUG] cheese - null
[2022-01-15T16:19:48.686] [DEBUG] cheese - null
[2022-01-15T16:57:56.423] [DEBUG] cheese - login => username:admin,password:123456
[2022-01-15T16:57:56.423] [DEBUG] cheese - admin
[2022-01-15T16:57:56.428] [DEBUG] cheese - null
[2022-01-15T16:57:56.428] [DEBUG] cheese - null
[2022-02-17T16:50:32.204] [DEBUG] cheese - login => username:admin,password:123456
[2022-02-17T16:50:32.205] [DEBUG] cheese - admin
[2022-02-17T16:50:32.247] [DEBUG] cheese - null
[2022-02-17T16:50:32.248] [DEBUG] cheese - null
[2022-02-17T19:31:58.391] [DEBUG] cheese - login => username:admin,password:123456
[2022-02-17T19:31:58.391] [DEBUG] cheese - admin
[2022-02-17T19:31:58.394] [DEBUG] cheese - null
[2022-02-17T19:31:58.394] [DEBUG] cheese - null
[2022-02-17T19:37:24.243] [DEBUG] cheese - login => username:admin,password:123456
[2022-02-17T19:37:24.243] [DEBUG] cheese - admin
[2022-02-17T19:37:24.245] [DEBUG] cheese - null
[2022-02-17T19:37:24.245] [DEBUG] cheese - null
[2022-02-17T19:50:01.476] [DEBUG] cheese - login => username:admin,password:123456
[2022-02-17T19:50:01.476] [DEBUG] cheese - admin
[2022-02-17T19:50:01.479] [DEBUG] cheese - null
[2022-02-17T19:50:01.479] [DEBUG] cheese - null
[2022-02-17T19:57:27.223] [DEBUG] cheese - login => username:admin,password:123456
[2022-02-17T19:57:27.223] [DEBUG] cheese - admin
[2022-02-17T19:57:27.225] [DEBUG] cheese - null
[2022-02-17T19:57:27.225] [DEBUG] cheese - null
[2022-03-12T11:04:54.868] [DEBUG] cheese - login => username:admin,password:123456
[2022-03-12T11:04:54.869] [DEBUG] cheese - admin
[2022-03-12T11:04:54.908] [DEBUG] cheese - null
[2022-03-12T11:04:54.908] [DEBUG] cheese - null
[2022-03-12T15:43:58.114] [DEBUG] cheese - login => username:admin,password:123456
[2022-03-12T15:43:58.115] [DEBUG] cheese - admin
[2022-03-12T15:43:58.118] [DEBUG] cheese - null
[2022-03-12T15:43:58.118] [DEBUG] cheese - null
[2022-03-12T15:44:18.642] [DEBUG] cheese - login => username:admin,password:123456
[2022-03-12T15:44:18.643] [DEBUG] cheese - admin
[2022-03-12T15:44:18.645] [DEBUG] cheese - null
[2022-03-12T15:44:18.645] [DEBUG] cheese - null
[2022-03-12T15:44:53.464] [DEBUG] cheese - null
[2022-03-12T15:48:33.208] [DEBUG] cheese - login => username:admin,password:123456
[2022-03-12T15:48:33.210] [DEBUG] cheese - admin
[2022-03-12T15:48:33.212] [DEBUG] cheese - null
[2022-03-12T15:48:33.213] [DEBUG] cheese - null
[2022-03-12T15:49:59.495] [DEBUG] cheese - login => username:admin,password:123456
[2022-03-12T15:49:59.497] [DEBUG] cheese - admin
[2022-03-12T15:49:59.500] [DEBUG] cheese - null
[2022-03-12T15:49:59.501] [DEBUG] cheese - null
[2022-03-12T15:50:05.601] [DEBUG] cheese - login => username:admin,password:123456
[2022-03-12T15:50:05.601] [DEBUG] cheese - admin
[2022-03-12T15:50:05.602] [DEBUG] cheese - null
[2022-03-12T15:50:05.602] [DEBUG] cheese - null
[2022-03-12T15:50:26.529] [DEBUG] cheese - login => username:admin,password:123456
[2022-03-12T15:50:26.530] [DEBUG] cheese - admin
[2022-03-12T15:50:26.533] [DEBUG] cheese - null
[2022-03-12T15:50:26.533] [DEBUG] cheese - null
[2022-03-12T15:50:37.372] [DEBUG] cheese - login => username:admin,password:123456
[2022-03-12T15:50:37.372] [DEBUG] cheese - admin
[2022-03-12T15:50:37.373] [DEBUG] cheese - null
[2022-03-12T15:50:37.373] [DEBUG] cheese - null
[2022-03-12T15:51:11.576] [DEBUG] cheese - login => username:admin,password:123456
[2022-03-12T15:51:11.577] [DEBUG] cheese - admin
[2022-03-12T15:51:11.581] [DEBUG] cheese - null
[2022-03-12T15:51:11.581] [DEBUG] cheese - null
[2022-03-12T15:51:23.683] [DEBUG] cheese - login => username:admin,password:123456
[2022-03-12T15:51:23.684] [DEBUG] cheese - admin
[2022-03-12T15:51:23.686] [DEBUG] cheese - null
[2022-03-12T15:51:23.686] [DEBUG] cheese - null
[2022-03-12T15:52:01.450] [DEBUG] cheese - login => username:admin,password:123456
[2022-03-12T15:52:01.451] [DEBUG] cheese - admin
[2022-03-12T15:52:01.456] [DEBUG] cheese - null
[2022-03-12T15:52:01.456] [DEBUG] cheese - null
[2022-03-12T15:52:13.827] [DEBUG] cheese - login => username:admin,password:123456
[2022-03-12T15:52:13.827] [DEBUG] cheese - admin
[2022-03-12T15:52:13.829] [DEBUG] cheese - null
[2022-03-12T15:52:13.829] [DEBUG] cheese - null
[2022-03-12T15:52:23.074] [DEBUG] cheese - login => username:admin,password:123456
[2022-03-12T15:52:23.074] [DEBUG] cheese - admin
[2022-03-12T15:52:23.076] [DEBUG] cheese - null
[2022-03-12T15:52:23.077] [DEBUG] cheese - null
[2022-03-12T15:52:57.954] [DEBUG] cheese - login => username:admin,password:123456
[2022-03-12T15:52:57.956] [DEBUG] cheese - admin
[2022-03-12T15:52:57.959] [DEBUG] cheese - null
[2022-03-12T15:52:57.959] [DEBUG] cheese - null
[2022-03-12T15:54:18.338] [DEBUG] cheese - login => username:admin,password:123456
[2022-03-12T15:54:18.339] [DEBUG] cheese - admin
[2022-03-12T15:54:18.341] [DEBUG] cheese - null
[2022-03-12T15:54:18.342] [DEBUG] cheese - null
[2022-03-12T15:54:27.517] [DEBUG] cheese - login => username:admin,password:123456
[2022-03-12T15:54:27.517] [DEBUG] cheese - admin
[2022-03-12T15:54:27.519] [DEBUG] cheese - null
[2022-03-12T15:54:27.519] [DEBUG] cheese - null
[2022-03-12T15:54:33.227] [DEBUG] cheese - login => username:admin,password:123456
[2022-03-12T15:54:33.227] [DEBUG] cheese - admin
[2022-03-12T15:54:33.229] [DEBUG] cheese - null
[2022-03-12T15:54:33.229] [DEBUG] cheese - null
[2022-03-12T15:55:18.623] [DEBUG] cheese - login => username:admin,password:123456
[2022-03-12T15:55:18.623] [DEBUG] cheese - admin
[2022-03-12T15:55:18.626] [DEBUG] cheese - null
[2022-03-12T15:55:18.626] [DEBUG] cheese - null
[2022-03-12T16:00:58.734] [DEBUG] cheese - login => username:admin,password:123456
[2022-03-12T16:00:58.735] [DEBUG] cheese - admin
[2022-03-12T16:00:58.737] [DEBUG] cheese - null
[2022-03-12T16:00:58.738] [DEBUG] cheese - null
[2022-03-12T16:04:45.810] [DEBUG] cheese - login => username:admin,password:123456
[2022-03-12T16:04:45.812] [DEBUG] cheese - admin
[2022-03-12T16:04:45.814] [DEBUG] cheese - null
[2022-03-12T16:04:45.814] [DEBUG] cheese - null
[2022-03-12T16:08:39.457] [DEBUG] cheese - login => username:admin,password:123456
[2022-03-12T16:08:39.458] [DEBUG] cheese - admin
[2022-03-12T16:08:39.461] [DEBUG] cheese - null
[2022-03-12T16:08:39.461] [DEBUG] cheese - null
[2022-03-12T16:26:00.000] [DEBUG] cheese - login => username:admin,password:123456
[2022-03-12T16:26:00.001] [DEBUG] cheese - admin
[2022-03-12T16:26:00.004] [DEBUG] cheese - null
[2022-03-12T16:26:00.005] [DEBUG] cheese - null
[2022-03-12T16:28:24.870] [DEBUG] cheese - login => username:admin,password:123456
[2022-03-12T16:28:24.871] [DEBUG] cheese - admin
[2022-03-12T16:28:24.873] [DEBUG] cheese - null
[2022-03-12T16:28:24.874] [DEBUG] cheese - null
[2022-03-12T16:38:28.638] [DEBUG] cheese - login => username:admin,password:123456
[2022-03-12T16:38:28.639] [DEBUG] cheese - admin
[2022-03-12T16:38:28.643] [DEBUG] cheese - null
[2022-03-12T16:38:28.644] [DEBUG] cheese - null
[2022-03-12T17:57:32.169] [DEBUG] cheese - login => username:admin,password:123456
[2022-03-12T17:57:32.171] [DEBUG] cheese - admin
[2022-03-12T17:57:32.173] [DEBUG] cheese - null
[2022-03-12T17:57:32.174] [DEBUG] cheese - null
[2022-03-12T17:57:45.492] [DEBUG] cheese - login => username:admin,password:123456
[2022-03-12T17:57:45.492] [DEBUG] cheese - admin
[2022-03-12T17:57:45.494] [DEBUG] cheese - null
[2022-03-12T17:57:45.494] [DEBUG] cheese - null
[2022-03-12T18:20:17.224] [DEBUG] cheese - login => username:admin,password:123456
[2022-03-12T18:20:17.225] [DEBUG] cheese - admin
[2022-03-12T18:20:17.226] [DEBUG] cheese - null
[2022-03-12T18:20:17.226] [DEBUG] cheese - null
[2022-03-12T18:21:35.823] [DEBUG] cheese - login => username:admin,password:123456
[2022-03-12T18:21:35.825] [DEBUG] cheese - admin
[2022-03-12T18:21:35.826] [DEBUG] cheese - null
[2022-03-12T18:21:35.827] [DEBUG] cheese - null
[2022-03-12T18:22:07.832] [DEBUG] cheese - login => username:admin,password:123456
[2022-03-12T18:22:07.832] [DEBUG] cheese - admin
[2022-03-12T18:22:07.835] [DEBUG] cheese - null
[2022-03-12T18:22:07.835] [DEBUG] cheese - null
[2022-03-12T18:36:32.292] [DEBUG] cheese - login => username:admin,password:123456
[2022-03-12T18:36:32.294] [DEBUG] cheese - admin
[2022-03-12T18:36:32.296] [DEBUG] cheese - null
[2022-03-12T18:36:32.296] [DEBUG] cheese - null
[2022-03-12T18:37:46.929] [DEBUG] cheese - login => username:admin,password:123456
[2022-03-12T18:37:46.930] [DEBUG] cheese - admin
[2022-03-12T18:37:46.933] [DEBUG] cheese - null
[2022-03-12T18:37:46.934] [DEBUG] cheese - null
[2022-03-12T18:55:02.057] [DEBUG] cheese - login => username:admin,password:123456
[2022-03-12T18:55:02.058] [DEBUG] cheese - admin
[2022-03-12T18:55:02.061] [DEBUG] cheese - null
[2022-03-12T18:55:02.062] [DEBUG] cheese - null
[2022-03-12T19:04:51.080] [DEBUG] cheese - login => username:admin,password:123456
[2022-03-12T19:04:51.082] [DEBUG] cheese - admin
[2022-03-12T19:04:51.084] [DEBUG] cheese - null
[2022-03-12T19:04:51.084] [DEBUG] cheese - null
[2022-03-12T20:16:07.685] [DEBUG] cheese - login => username:admin,password:123456
[2022-03-12T20:16:07.685] [DEBUG] cheese - admin
[2022-03-12T20:16:07.688] [DEBUG] cheese - null
[2022-03-12T20:16:07.688] [DEBUG] cheese - null
[2022-03-12T20:24:55.821] [DEBUG] cheese - login => username:admin,password:123456
[2022-03-12T20:24:55.822] [DEBUG] cheese - admin
[2022-03-12T20:24:55.825] [DEBUG] cheese - null
[2022-03-12T20:24:55.825] [DEBUG] cheese - null
[2022-03-12T20:27:34.453] [DEBUG] cheese - login => username:admin,password:123456
[2022-03-12T20:27:34.453] [DEBUG] cheese - admin
[2022-03-12T20:27:34.455] [DEBUG] cheese - null
[2022-03-12T20:27:34.455] [DEBUG] cheese - null
